-- Found ament_cmake: 1.3.11 (/opt/ros/humble/share/ament_cmake/cmake)
-- Found rclcpp: 16.0.12 (/opt/ros/humble/share/rclcpp/cmake)
-- Found rosidl_generator_c: 3.1.6 (/opt/ros/humble/share/rosidl_generator_c/cmake)
-- Found rosidl_adapter: 3.1.6 (/opt/ros/humble/share/rosidl_adapter/cmake)
-- Found rosidl_generator_cpp: 3.1.6 (/opt/ros/humble/share/rosidl_generator_cpp/cmake)
-- Using all available rosidl_typesupport_c: rosidl_typesupport_fastrtps_c;rosidl_typesupport_introspection_c
-- Using all available rosidl_typesupport_cpp: rosidl_typesupport_fastrtps_cpp;rosidl_typesupport_introspection_cpp
-- Found rmw_implementation_cmake: 6.1.2 (/opt/ros/humble/share/rmw_implementation_cmake/cmake)
-- Found rmw_fastrtps_cpp: 6.2.7 (/opt/ros/humble/share/rmw_fastrtps_cpp/cmake)
-- Using RMW implementation 'rmw_fastrtps_cpp' as default
-- Found serial: 1.2.1 (/home/erica/test_ws/install/serial/share/serial/cmake)
-- Found ackermann_msgs: 2.0.2 (/opt/ros/humble/share/ackermann_msgs/cmake)
-- Found ament_lint_auto: 0.12.12 (/opt/ros/humble/share/ament_lint_auto/cmake)
-- Added test 'cppcheck' to perform static code analysis on C / C++ code
-- Configured cppcheck include dirs: 
-- Configured cppcheck exclude dirs and/or files: 
-- Added test 'flake8' to check Python code syntax and style conventions
-- Added test 'lint_cmake' to check CMake code style
-- Added test 'pep257' to check Python code against some of the docstring style conventions in PEP 257
-- Added test 'uncrustify' to check C / C++ code style
-- Configured uncrustify additional arguments: 
-- Added test 'xmllint' to check XML markup files
-- Configuring done
-- Generating done
-- Build files have been written to: /home/erica/test_ws/build/serial_com
[ 50%] [32mBuilding CXX object CMakeFiles/serial_com.dir/src/serial_com.cpp.o[0m
[01m[K/home/erica/test_ws/src/serial_com/src/serial_com.cpp:48:42:[m[K [01;31m[Kerror: [m[Kâ€˜[01m[KString[m[Kâ€™ is not a member of â€˜[01m[Kstd_msgs::msg[m[Kâ€™
   48 |         rclcpp::Publisher<std_msgs::msg::[01;31m[KString[m[K>::SharedPtr serial_pub_;
      |                                          [01;31m[K^~~~~~[m[K
[01m[K/home/erica/test_ws/src/serial_com/src/serial_com.cpp:48:48:[m[K [01;31m[Kerror: [m[Ktemplate argument 1 is invalid
   48 |         rclcpp::Publisher<std_msgs::msg::String[01;31m[K>[m[K::SharedPtr serial_pub_;
      |                                                [01;31m[K^[m[K
[01m[K/home/erica/test_ws/src/serial_com/src/serial_com.cpp:48:51:[m[K [01;31m[Kerror: [m[Kexpected â€˜[01m[K;[m[Kâ€™ at end of member declaration
   48 |         rclcpp::Publisher<std_msgs::msg::String>::[01;31m[KSharedPtr[m[K serial_pub_;
      |                                                   [01;31m[K^~~~~~~~~[m[K
      |                                                            [32m[K;[m[K
[01m[K/home/erica/test_ws/src/serial_com/src/serial_com.cpp:48:61:[m[K [01;31m[Kerror: [m[Kâ€˜[01m[Kserial_pub_[m[Kâ€™ does not name a type
   48 |         rclcpp::Publisher<std_msgs::msg::String>::SharedPtr [01;31m[Kserial_pub_[m[K;
      |                                                             [01;31m[K^~~~~~~~~~~[m[K
[01m[K/home/erica/test_ws/src/serial_com/src/serial_com.cpp:[m[K In constructor â€˜[01m[KSerialNode::SerialNode()[m[Kâ€™:
[01m[K/home/erica/test_ws/src/serial_com/src/serial_com.cpp:31:13:[m[K [01;31m[Kerror: [m[Kâ€˜[01m[Kserial_pub_[m[Kâ€™ was not declared in this scope; did you mean â€˜[01m[Kserial_port_[m[Kâ€™?
   31 |             [01;31m[Kserial_pub_[m[K = this->create_publisher<std_msgs::msg::String>("serial_msg", 1);
      |             [01;31m[K^~~~~~~~~~~[m[K
      |             [32m[Kserial_port_[m[K
[01m[K/home/erica/test_ws/src/serial_com/src/serial_com.cpp:31:65:[m[K [01;31m[Kerror: [m[Kâ€˜[01m[KString[m[Kâ€™ is not a member of â€˜[01m[Kstd_msgs::msg[m[Kâ€™
   31 |             serial_pub_ = this->create_publisher<std_msgs::msg::[01;31m[KString[m[K>("serial_msg", 1);
      |                                                                 [01;31m[K^~~~~~[m[K
[01m[K/home/erica/test_ws/src/serial_com/src/serial_com.cpp:31:72:[m[K [01;31m[Kerror: [m[Kno matching function for call to â€˜[01m[KSerialNode::create_publisher<<expression error> >(const char [11], int)[m[Kâ€™
   31 |             serial_pub_ = [01;31m[Kthis->create_publisher<std_msgs::msg::String>("serial_msg", 1)[m[K;
      |                           [01;31m[K~~~~~~~~~~~~~~~~~~~~~~~~~~~~~~~~~~~~~~~~~~~~~^~~~~~~~~~~~~~~~~[m[K
In file included from [01m[K/opt/ros/humble/include/rclcpp/rclcpp/executors/single_threaded_executor.hpp:28[m[K,
                 from [01m[K/opt/ros/humble/include/rclcpp/rclcpp/executors.hpp:22[m[K,
                 from [01m[K/opt/ros/humble/include/rclcpp/rclcpp/rclcpp.hpp:155[m[K,
                 from [01m[K/home/erica/test_ws/src/serial_com/src/serial_com.cpp:1[m[K:
[01m[K/opt/ros/humble/include/rclcpp/rclcpp/node.hpp:195:3:[m[K [01;36m[Knote: [m[Kcandidate: â€˜[01m[Ktemplate<class MessageT, class AllocatorT, class PublisherT> std::shared_ptr<PublisherT> rclcpp::Node::create_publisher(const string&, const rclcpp::QoS&, const rclcpp::PublisherOptionsWithAllocator<AllocatorT>&)[m[Kâ€™
  195 |   [01;36m[Kcreate_publisher[m[K(
      |   [01;36m[K^~~~~~~~~~~~~~~~[m[K
[01m[K/opt/ros/humble/include/rclcpp/rclcpp/node.hpp:195:3:[m[K [01;36m[Knote: [m[K  template argument deduction/substitution failed:
[01m[K/home/erica/test_ws/src/serial_com/src/serial_com.cpp:31:72:[m[K [01;31m[Kerror: [m[Ktemplate argument 1 is invalid
   31 |             serial_pub_ = [01;31m[Kthis->create_publisher<std_msgs::msg::String>("serial_msg", 1)[m[K;
      |                           [01;31m[K~~~~~~~~~~~~~~~~~~~~~~~~~~~~~~~~~~~~~~~~~~~~~^~~~~~~~~~~~~~~~~[m[K
[01m[K/home/erica/test_ws/src/serial_com/src/serial_com.cpp:[m[K In member function â€˜[01m[Kvoid SerialNode::publishSerial(const string&)[m[Kâ€™:
[01m[K/home/erica/test_ws/src/serial_com/src/serial_com.cpp:91:43:[m[K [01;31m[Kerror: [m[Kâ€˜[01m[KString[m[Kâ€™ is not a member of â€˜[01m[Kstd_msgs::msg[m[Kâ€™
   91 |             auto message = std_msgs::msg::[01;31m[KString[m[K();
      |                                           [01;31m[K^~~~~~[m[K
[01m[K/home/erica/test_ws/src/serial_com/src/serial_com.cpp:97:13:[m[K [01;31m[Kerror: [m[Kâ€˜[01m[Kserial_pub_[m[Kâ€™ was not declared in this scope; did you mean â€˜[01m[Kserial_port_[m[Kâ€™?
   97 |             [01;31m[Kserial_pub_[m[K->publish(message);
      |             [01;31m[K^~~~~~~~~~~[m[K
      |             [32m[Kserial_port_[m[K
gmake[2]: *** [CMakeFiles/serial_com.dir/build.make:76: CMakeFiles/serial_com.dir/src/serial_com.cpp.o] Error 1
gmake[1]: *** [CMakeFiles/Makefile2:137: CMakeFiles/serial_com.dir/all] Error 2
gmake: *** [Makefile:146: all] Error 2
