[01m[K/home/erica/cat-brain/src/gpio/src/gpio_node.cpp:[m[K In member function â€˜[01m[Kvoid GPIONode::timer_callback()[m[Kâ€™:
[01m[K/home/erica/cat-brain/src/gpio/src/gpio_node.cpp:36:20:[m[K [01;31m[Kerror: [m[Kâ€˜[01m[Kpi[m[Kâ€™ was not declared in this scope; did you mean â€˜[01m[Kpi_[m[Kâ€™?
   36 |         gpio_write([01;31m[Kpi[m[K, 17, toggle_ ? 1 : 0);
      |                    [01;31m[K^~[m[K
      |                    [32m[Kpi_[m[K
gmake[2]: *** [CMakeFiles/gpio_node.dir/build.make:76: CMakeFiles/gpio_node.dir/src/gpio_node.cpp.o] Error 1
gmake[1]: *** [CMakeFiles/Makefile2:137: CMakeFiles/gpio_node.dir/all] Error 2
gmake: *** [Makefile:146: all] Error 2
