[0.052s] Invoking command in '/home/erica/cat-brain/build/gpio': CMAKE_PREFIX_PATH=${CMAKE_PREFIX_PATH}:/opt/ros/humble /usr/bin/cmake --build /home/erica/cat-brain/build/gpio -- -j4 -l4
[0.157s] -- Found ament_cmake: 1.3.11 (/opt/ros/humble/share/ament_cmake/cmake)
[0.706s] -- Found rclcpp: 16.0.12 (/opt/ros/humble/share/rclcpp/cmake)
[0.861s] -- Found rosidl_generator_c: 3.1.6 (/opt/ros/humble/share/rosidl_generator_c/cmake)
[0.871s] -- Found rosidl_adapter: 3.1.6 (/opt/ros/humble/share/rosidl_adapter/cmake)
[0.894s] -- Found rosidl_generator_cpp: 3.1.6 (/opt/ros/humble/share/rosidl_generator_cpp/cmake)
[0.933s] -- Using all available rosidl_typesupport_c: rosidl_typesupport_fastrtps_c;rosidl_typesupport_introspection_c
[0.982s] -- Using all available rosidl_typesupport_cpp: rosidl_typesupport_fastrtps_cpp;rosidl_typesupport_introspection_cpp
[1.106s] -- Found rmw_implementation_cmake: 6.1.2 (/opt/ros/humble/share/rmw_implementation_cmake/cmake)
[1.112s] -- Found rmw_fastrtps_cpp: 6.2.7 (/opt/ros/humble/share/rmw_fastrtps_cpp/cmake)
[1.898s] -- Using RMW implementation 'rmw_fastrtps_cpp' as default
[2.081s] -- Found sensor_msgs: 4.8.0 (/opt/ros/humble/share/sensor_msgs/cmake)
[2.190s] -- Found ackermann_msgs: 2.0.2 (/opt/ros/humble/share/ackermann_msgs/cmake)
[2.243s] -- Found ament_lint_auto: 0.12.12 (/opt/ros/humble/share/ament_lint_auto/cmake)
[2.538s] -- Added test 'cppcheck' to perform static code analysis on C / C++ code
[2.539s] -- Configured cppcheck include dirs: 
[2.539s] -- Configured cppcheck exclude dirs and/or files: 
[2.540s] -- Added test 'flake8' to check Python code syntax and style conventions
[2.543s] -- Added test 'lint_cmake' to check CMake code style
[2.545s] -- Added test 'pep257' to check Python code against some of the docstring style conventions in PEP 257
[2.550s] -- Added test 'uncrustify' to check C / C++ code style
[2.551s] -- Configured uncrustify additional arguments: 
[2.552s] -- Added test 'xmllint' to check XML markup files
[2.556s] -- Configuring done
[2.615s] -- Generating done
[2.633s] -- Build files have been written to: /home/erica/cat-brain/build/gpio
[2.733s] [35m[1mConsolidate compiler generated dependencies of target gpio_node[0m
[2.827s] [ 50%] [32mBuilding CXX object CMakeFiles/gpio_node.dir/src/gpio_node.cpp.o[0m
[12.362s] [01m[K/home/erica/cat-brain/src/gpio/src/gpio_node.cpp:[m[K In member function â€˜[01m[Kvoid GPIONode::timer_callback()[m[Kâ€™:
[12.363s] [01m[K/home/erica/cat-brain/src/gpio/src/gpio_node.cpp:36:20:[m[K [01;31m[Kerror: [m[Kâ€˜[01m[Kpi[m[Kâ€™ was not declared in this scope; did you mean â€˜[01m[Kpi_[m[Kâ€™?
[12.363s]    36 |         gpio_write([01;31m[Kpi[m[K, 17, toggle_ ? 1 : 0);
[12.364s]       |                    [01;31m[K^~[m[K
[12.364s]       |                    [32m[Kpi_[m[K
[14.060s] gmake[2]: *** [CMakeFiles/gpio_node.dir/build.make:76: CMakeFiles/gpio_node.dir/src/gpio_node.cpp.o] Error 1
[14.060s] gmake[1]: *** [CMakeFiles/Makefile2:137: CMakeFiles/gpio_node.dir/all] Error 2
[14.061s] gmake: *** [Makefile:146: all] Error 2
[14.068s] Invoked command in '/home/erica/cat-brain/build/gpio' returned '2': CMAKE_PREFIX_PATH=${CMAKE_PREFIX_PATH}:/opt/ros/humble /usr/bin/cmake --build /home/erica/cat-brain/build/gpio -- -j4 -l4
